<?xml version="1.0" encoding="UTF-8"?>
<!-- Generated by org.testng.reporters.JUnitReportReporter -->
<testsuite hostname="DESKTOP-7VNQR76" failures="0" tests="7" name="org.example.Basics" time="0.012" errors="0" timestamp="2023-05-31T11:08:03 EDT" skipped="1">
  <testcase classname="org.example.Basics" name="secondTest" time="0.001"/>
  <system-out/>
  <testcase classname="org.example.Basics" name="mobileLogout" time="0.001"/>
  <system-out/>
  <testcase classname="org.example.Basics" name="mobileLogout" time="0.003"/>
  <system-out/>
  <testcase classname="org.example.Basics" name="Demo" time="0.003"/>
  <system-out/>
  <testcase classname="org.example.Basics" name="regularTest" time="0.002"/>
  <system-out/>
  <testcase classname="org.example.Basics" name="mobileLogout" time="0.002"/>
  <system-out/>
  <testcase classname="org.example.Basics" name="Zebra">
    <skipped/>
  </testcase> <!-- Zebra -->
  <system-out/>
</testsuite> <!-- org.example.Basics -->
