<?xml version="1.0" encoding="UTF-8"?>
<!-- Generated by org.testng.reporters.JUnitReportReporter -->
<testsuite hostname="DESKTOP-7VNQR76" failures="0" tests="3" name="org.example.HomeLoan" time="0.002" errors="0" timestamp="2023-05-31T11:08:03 EDT" skipped="0">
  <testcase classname="org.example.HomeLoan" name="WebloginHomeLoan" time="0.001"/>
  <system-out/>
  <testcase classname="org.example.HomeLoan" name="MobileLoginHomeLoan" time="0.000"/>
  <system-out/>
  <testcase classname="org.example.HomeLoan" name="LoginApiHomelogin" time="0.001"/>
  <system-out/>
</testsuite> <!-- org.example.HomeLoan -->
